Notice: Check that the function called via pointer array 'tokenParsers' requires 0 arguments (line 229 file:mugDisplay.4DG)
Notice: variable 'area' is being indexed (line 251 file:mugDisplayDisplay.fnc)
Notice: variable 'area' is being indexed (line 226 file:mugDisplayDisplay.fnc)
Notice: variable 'area' is being indexed (line 227 file:mugDisplayDisplay.fnc)
Notice: variable 'area' is being indexed (line 228 file:mugDisplayDisplay.fnc)
Notice: variable 'area' is being indexed (line 228 file:mugDisplayDisplay.fnc)
Notice: variable 'area' is being indexed (line 229 file:mugDisplayDisplay.fnc)
Notice: variable 'area' is being indexed (line 229 file:mugDisplayDisplay.fnc)
Notice: variable 'area' is being indexed (line 237 file:mugDisplayDisplay.fnc)
Notice: variable 'area' is being indexed (line 238 file:mugDisplayDisplay.fnc)
Notice: variable 'area' is being indexed (line 239 file:mugDisplayDisplay.fnc)
Notice: variable 'area' is being indexed (line 239 file:mugDisplayDisplay.fnc)
Notice: variable 'area' is being indexed (line 240 file:mugDisplayDisplay.fnc)
Notice: variable 'area' is being indexed (line 240 file:mugDisplayDisplay.fnc)
Notice: variable 'str' is being indexed (line 209 file:mugDisplayDisplay.fnc)
Notice: variable 'area' is being indexed (line 151 file:mugDisplayDisplay.fnc)
Notice: variable 'area' is being indexed (line 152 file:mugDisplayDisplay.fnc)
Notice: variable 'area' is being indexed (line 153 file:mugDisplayDisplay.fnc)
Notice: variable 'area' is being indexed (line 153 file:mugDisplayDisplay.fnc)
Notice: variable 'area' is being indexed (line 154 file:mugDisplayDisplay.fnc)
Notice: variable 'area' is being indexed (line 154 file:mugDisplayDisplay.fnc)
Notice: variable 'area' is being indexed (line 156 file:mugDisplayDisplay.fnc)
Notice: variable 'area' is being indexed (line 156 file:mugDisplayDisplay.fnc)
Notice: variable 'area' is being indexed (line 157 file:mugDisplayDisplay.fnc)
Notice: variable 'area' is being indexed (line 158 file:mugDisplayDisplay.fnc)
Notice: variable 'area' is being indexed (line 159 file:mugDisplayDisplay.fnc)
Notice: variable 'str' is being indexed (line 102 file:mugDisplayDisplay.fnc)
Notice: variable 'str' is being indexed (line 103 file:mugDisplayDisplay.fnc)
Notice: variable 'area' is being indexed (line 128 file:mugDisplayDisplay.fnc)
Notice: variable 'area' is being indexed (line 129 file:mugDisplayDisplay.fnc)
Notice: variable 'area' is being indexed (line 136 file:mugDisplayDisplay.fnc)
Notice: variable 'area' is being indexed (line 137 file:mugDisplayDisplay.fnc)
Notice: variable 'bfr' is being indexed (line 81 file:mugDisplayDisplay.fnc)
Notice: variable 'txtStr' is being indexed (line 81 file:mugDisplayDisplay.fnc)
Notice: variable 'bfr' is being indexed (line 84 file:mugDisplayDisplay.fnc)
Notice: function argument 'fg_colour' in func 'clearArea' is never used (line 33 file:mugDisplayDisplay.fnc)
0 errors
0 warnings
36 notices
